Build started 9/2/2015 2:38:02 PM.
     1>Project "E:\Final Year\project\human tracking\coding\Git\fork\adaptive-camera-network\Combined\ASCN_Combined_1\Graph\Graph.vcxproj" on node 2 (Rebuild target(s)).
     1>ClCompile:
         C:\Program Files (x86)\Microsoft Visual Studio 12.0\VC\bin\x86_amd64\CL.exe /c /Zi /nologo /W3 /WX- /sdl /Od /D WIN32 /D _DEBUG /D _WINDOWS /D _USRDLL /D GRAPH_EXPORTS /D _UNICODE /D UNICODE /Gm /EHsc /RTC1 /MDd /GS /fp:precise /Zc:wchar_t /Zc:forScope /Fo"x64\Debug\\" /Fd"x64\Debug\vc120.pdb" /Gd /TP /errorReport:prompt Graph.cpp Node.cpp
         Node.cpp
         Graph.cpp
     1>Graph.cpp(28): warning C4267: 'return' : conversion from 'size_t' to 'int', possible loss of data
     1>C:\Program Files (x86)\Microsoft Visual Studio 12.0\VC\include\xmemory0(592): warning C4503: 'std::_Tree<std::_Tmap_traits<_Kty,_Ty,_Pr,_Alloc,false>>::_Insert_hint' : decorated name length exceeded, name was truncated
                 with
                 [
                     _Kty=std::string
         ,            _Ty=std::vector<std::vector<std::pair<std::string,int>,std::allocator<std::pair<std::string,int>>>,std::allocator<std::vector<std::pair<std::string,int>,std::allocator<std::pair<std::string,int>>>>>
         ,            _Pr=std::less<std::string>
         ,            _Alloc=std::allocator<std::pair<const std::string,std::vector<std::vector<std::pair<std::string,int>,std::allocator<std::pair<std::string,int>>>,std::allocator<std::vector<std::pair<std::string,int>,std::allocator<std::pair<std::string,int>>>>>>>
                 ]
         Generating Code...
       Lib:
         C:\Program Files (x86)\Microsoft Visual Studio 12.0\VC\bin\x86_amd64\Lib.exe /OUT:"E:\Final Year\project\human tracking\coding\Git\fork\adaptive-camera-network\Combined\ASCN_Combined_1\x64\Debug\Graph.lib" /NOLOGO /MACHINE:X64 x64\Debug\Graph.obj
         x64\Debug\Node.obj
         Graph.vcxproj -> E:\Final Year\project\human tracking\coding\Git\fork\adaptive-camera-network\Combined\ASCN_Combined_1\x64\Debug\Graph.lib
     1>Done Building Project "E:\Final Year\project\human tracking\coding\Git\fork\adaptive-camera-network\Combined\ASCN_Combined_1\Graph\Graph.vcxproj" (Rebuild target(s)).

Build succeeded.

Time Elapsed 00:00:04.55
