Build started 7/31/2015 2:24:07 PM.
     1>Project "E:\Final Year\project\human tracking\coding\Git\fork\adaptive-camera-network\MacFypCode\Kasun\VS_OpenCV\Tracking\Tracking\Tracking.vcxproj" on node 2 (Build target(s)).
     1>ClCompile:
         C:\Program Files (x86)\Microsoft Visual Studio 12.0\VC\bin\x86_amd64\CL.exe /c /IC:\OpenCV2410\opencv\build\include /IC:\OpenCV2410\opencv\build\include\opencv /IC:\OpenCV2410\opencv\build\include\opencv2 /Zi /nologo /W3 /WX- /sdl /Od /D WIN32 /D _DEBUG /D _CONSOLE /D _LIB /D _UNICODE /D UNICODE /Gm /EHsc /RTC1 /MDd /GS /fp:precise /Zc:wchar_t /Zc:forScope /Fo"x64\Debug\\" /Fd"x64\Debug\vc120.pdb" /Gd /TP /errorReport:prompt Main.cpp MultipleMomentMultiplePredict.cpp MultipleMomentOnePredict.cpp TrackingObject.cpp
         TrackingObject.cpp
     1>TrackingObject.cpp(19): warning C4244: '=' : conversion from 'int' to 'float', possible loss of data
     1>TrackingObject.cpp(20): warning C4244: '=' : conversion from 'int' to 'float', possible loss of data
     1>TrackingObject.cpp(58): warning C4244: '=' : conversion from 'int' to 'float', possible loss of data
     1>TrackingObject.cpp(59): warning C4244: '=' : conversion from 'int' to 'float', possible loss of data
         MultipleMomentOnePredict.cpp
         MultipleMomentMultiplePredict.cpp
         Main.cpp
     1>Main.cpp(76): warning C4267: 'argument' : conversion from 'size_t' to 'int', possible loss of data
     1>Main.cpp(98): warning C4244: 'argument' : conversion from 'double' to 'float', possible loss of data
     1>Main.cpp(116): warning C4244: 'argument' : conversion from 'float' to 'int', possible loss of data
     1>Main.cpp(119): warning C4244: 'argument' : conversion from 'float' to 'int', possible loss of data
     1>Main.cpp(132): warning C4267: 'initializing' : conversion from 'size_t' to 'int', possible loss of data
         Generating Code...
       Link:
         C:\Program Files (x86)\Microsoft Visual Studio 12.0\VC\bin\x86_amd64\link.exe /ERRORREPORT:PROMPT /OUT:"E:\Final Year\project\human tracking\coding\Git\fork\adaptive-camera-network\MacFypCode\Kasun\VS_OpenCV\Tracking\x64\Debug\Tracking.exe" /INCREMENTAL /NOLOGO /LIBPATH:C:\OpenCV2410\opencv\build\x64\vc12\lib opencv_calib3d2410d.lib opencv_contrib2410d.lib opencv_core2410d.lib opencv_features2d2410d.lib opencv_flann2410d.lib opencv_gpu2410d.lib opencv_highgui2410d.lib opencv_imgproc2410d.lib opencv_legacy2410d.lib opencv_ml2410d.lib opencv_nonfree2410d.lib opencv_objdetect2410d.lib opencv_ocl2410d.lib opencv_photo2410d.lib opencv_stitching2410d.lib opencv_superres2410d.lib opencv_ts2410d.lib opencv_video2410d.lib opencv_videostab2410d.lib kernel32.lib user32.lib gdi32.lib winspool.lib comdlg32.lib advapi32.lib shell32.lib ole32.lib oleaut32.lib uuid.lib odbc32.lib odbccp32.lib /MANIFEST /MANIFESTUAC:"level='asInvoker' uiAccess='false'" /manifest:embed /DEBUG /PDB:"E:\Final Year\project\human tracking\coding\Git\fork\adaptive-camera-network\MacFypCode\Kasun\VS_OpenCV\Tracking\x64\Debug\Tracking.pdb" /SUBSYSTEM:CONSOLE /TLBID:1 /DYNAMICBASE /NXCOMPAT /IMPLIB:"E:\Final Year\project\human tracking\coding\Git\fork\adaptive-camera-network\MacFypCode\Kasun\VS_OpenCV\Tracking\x64\Debug\Tracking.lib" /MACHINE:X64 x64\Debug\Main.obj
         x64\Debug\MultipleMomentMultiplePredict.obj
         x64\Debug\MultipleMomentOnePredict.obj
         x64\Debug\TrackingObject.obj
         Tracking.vcxproj -> E:\Final Year\project\human tracking\coding\Git\fork\adaptive-camera-network\MacFypCode\Kasun\VS_OpenCV\Tracking\x64\Debug\Tracking.exe
     1>Done Building Project "E:\Final Year\project\human tracking\coding\Git\fork\adaptive-camera-network\MacFypCode\Kasun\VS_OpenCV\Tracking\Tracking\Tracking.vcxproj" (Build target(s)).

Build succeeded.

Time Elapsed 00:00:11.00
